This is pdfTeX, Version 3.14159265-2.6-1.40.21 (TeX Live 2020) (preloaded format=pdflatex 2020.9.4)  13 MAY 2022 21:17
entering extended mode
 restricted \write18 enabled.
 %&-line parsing enabled.
**datatheory.tex
(./datatheory.tex
LaTeX2e <2020-02-02> patch level 5
L3 programming layer <2020-09-03>

! LaTeX Error: File `beamer.cls' not found.

Type X to quit or <RETURN> to proceed,
or enter new name. (Default extension: cls)

Enter file name: 
! Emergency stop.
<read *> 
         
l.8 \title
          {What are models for and can we use them more effectively?}^^M 
Here is how much of TeX's memory you used:
 24 strings out of 482828
 484 string characters out of 5952564
 238497 words of memory out of 5000000
 15494 multiletter control sequences out of 15000+600000
 535088 words of font info for 29 fonts, out of 8000000 for 9000
 14 hyphenation exceptions out of 8191
 20i,0n,25p,98b,10s stack positions out of 5000i,500n,10000p,200000b,80000s

!  ==> Fatal error occurred, no output PDF file produced!
